<?xml version="1.0" encoding="UTF-8"?>
<testng-results ignored="0" total="1" passed="1" failed="0" skipped="0">
  <reporter-output>
  </reporter-output>
  <suite started-at="2019-06-26T15:43:26Z" name="Default suite" finished-at="2019-06-26T15:43:38Z" duration-ms="11961">
    <groups>
    </groups>
    <test started-at="2019-06-26T15:43:26Z" name="Default test" finished-at="2019-06-26T15:43:38Z" duration-ms="11961">
      <class name="testGitHubUsingTestNG.TestGitHubinTestNG">
        <test-method is-config="true" signature="launchBrowser()[pri:0, instance:testGitHubUsingTestNG.TestGitHubinTestNG@10d68fcd]" started-at="2019-06-26T15:43:26Z" name="launchBrowser" finished-at="2019-06-26T15:43:29Z" duration-ms="2637" status="PASS">
          <reporter-output>
          </reporter-output>
        </test-method> <!-- launchBrowser -->
        <test-method signature="Github()[pri:0, instance:testGitHubUsingTestNG.TestGitHubinTestNG@10d68fcd]" started-at="2019-06-26T15:43:29Z" name="Github" finished-at="2019-06-26T15:43:38Z" duration-ms="9167" status="PASS">
          <reporter-output>
          </reporter-output>
        </test-method> <!-- Github -->
        <test-method is-config="true" signature="BroserClose()[pri:0, instance:testGitHubUsingTestNG.TestGitHubinTestNG@10d68fcd]" started-at="2019-06-26T15:43:38Z" name="BroserClose" finished-at="2019-06-26T15:43:38Z" duration-ms="136" status="PASS">
          <reporter-output>
          </reporter-output>
        </test-method> <!-- BroserClose -->
      </class> <!-- testGitHubUsingTestNG.TestGitHubinTestNG -->
    </test> <!-- Default test -->
  </suite> <!-- Default suite -->
</testng-results>
